<!DOCTYPE html PUBLIC "-//W3C//DTD XHTML 1.1//EN" "https://www.w3.org/TR/xhtml11/DTD/xhtml11.dtd">
<html xmlns="https://www.w3.org/1999/xhtml">
<head>
<meta http-equiv="content-type" content="text/html; charset=UTF-8"/>
<title>TestNG Report</title>
<style type="text/css">table {margin-bottom:10px;border-collapse:collapse;empty-cells:show}th,td {border:1px solid #009;padding:.25em .5em}th {vertical-align:bottom}td {vertical-align:top}table a {font-weight:bold}.stripe td {background-color: #E6EBF9}.num {text-align:right}.passedodd td {background-color: #3F3}.passedeven td {background-color: #0A0}.skippedodd td {background-color: #DDD}.skippedeven td {background-color: #CCC}.failedodd td,.attn {background-color: #F33}.failedeven td,.stripe .attn {background-color: #D00}.stacktrace {white-space:pre;font-family:monospace}.totop {font-size:85%;text-align:center;border-bottom:2px solid #000}.invisible {display:none}</style>
</head>
<body>
<table>
<tr><th>Test</th><th># Passed</th><th># Skipped</th><th># Retried</th><th># Failed</th><th>Time (ms)</th><th>Included Groups</th><th>Excluded Groups</th></tr>
<tr><th colspan="8">Suite</th></tr>
<tr><td><a href="#t0">Test</a></td><td class="num">3</td><td class="num">0</td><td class="num">0</td><td class="num attn">2</td><td class="num">31,107</td><td></td><td></td></tr>
</table>
<table id='summary'><thead><tr><th>Class</th><th>Method</th><th>Start</th><th>Time (ms)</th></tr></thead><tbody><tr><th colspan="4">Suite</th></tr></tbody><tbody id="t0"><tr><th colspan="4">Test &#8212; failed</th></tr><tr class="failedeven"><td rowspan="1">com.Shanon.Leads.VerifyLeads</td><td><a href="#m0">verifyLeadsTabTest</a></td><td rowspan="1">1656385102697</td><td rowspan="1">950</td></tr><tr class="failedodd"><td rowspan="1">com.Shanon.accounts.VerifyAccountsCustomViewPage</td><td><a href="#m1">verifyAccountsCustomViewPageTest</a></td><td rowspan="1">1656385091984</td><td rowspan="1">8955</td></tr><tr><th colspan="4">Test &#8212; passed</th></tr><tr class="passedeven"><td rowspan="1">com.Shannon.Home.HomepageTest</td><td><a href="#m2">verifyhomepage</a></td><td rowspan="1">1656385075635</td><td rowspan="1">5398</td></tr><tr class="passedodd"><td rowspan="1">com.Shanon.Leads.VerifyLeadCreation</td><td><a href="#m3">createNewLeadTest</a></td><td rowspan="1">1656385085876</td><td rowspan="1">3705</td></tr><tr class="passedeven"><td rowspan="1">com.Shanon.accounts.VerifyAcoountsPage</td><td><a href="#m4">verifyAccountsPageTest</a></td><td rowspan="1">1656385082901</td><td rowspan="1">1218</td></tr></tbody>
</table>
<h2>Test</h2><h3 id="m0">com.Shanon.Leads.VerifyLeads#verifyLeadsTabTest</h3><table class="result"><tr><th>Messages</th></tr><tr><td><div class="messages">verifyLeadsTabTest method started<br/>CRM HOME PAGE is Displayed<br/>verifyLeadsTabTest method FAILED</div></td></tr><tr><th>Exception</th></tr><tr><td><div class="stacktrace">org.openqa.selenium.NoSuchWindowException: no such window: target window already closed
from unknown error: web view not found
  (Session info: chrome=102.0.5005.115)
Build info: version: &apos;4.1.4&apos;, revision: &apos;535d840ee2&apos;
System info: host: &apos;LAPTOP-8ADG3AEO&apos;, ip: &apos;192.168.133.20&apos;, os.name: &apos;Windows 10&apos;, os.arch: &apos;amd64&apos;, os.version: &apos;10.0&apos;, java.version: &apos;17.0.1&apos;
Driver info: org.openqa.selenium.chrome.ChromeDriver
Command: [c64f872f98baef5f87e412ec3fd232f8, findElement {using=xpath, value=//td[contains(text(),&apos;Leads: &apos;)]}]
Capabilities {acceptInsecureCerts: false, browserName: chrome, browserVersion: 102.0.5005.115, chrome: {chromedriverVersion: 101.0.4951.41 (93c720db8323..., userDataDir: C:\Users\HARSHA~1\AppData\L...}, goog:chromeOptions: {debuggerAddress: localhost:59437}, javascriptEnabled: true, networkConnectionEnabled: false, pageLoadStrategy: normal, platform: WINDOWS, platformName: WINDOWS, proxy: Proxy(), se:cdp: ws://localhost:59437/devtoo..., se:cdpVersion: 102.0.5005.115, setWindowRect: true, strictFileInteractability: false, timeouts: {implicit: 0, pageLoad: 300000, script: 30000}, unhandledPromptBehavior: dismiss and notify, webauthn:extension:credBlob: true, webauthn:extension:largeBlob: true, webauthn:virtualAuthenticators: true}
Session ID: c64f872f98baef5f87e412ec3fd232f8
	at org.openqa.selenium.remote.codec.w3c.W3CHttpResponseCodec.createException(W3CHttpResponseCodec.java:200)
	at org.openqa.selenium.remote.codec.w3c.W3CHttpResponseCodec.decode(W3CHttpResponseCodec.java:133)
	at org.openqa.selenium.remote.codec.w3c.W3CHttpResponseCodec.decode(W3CHttpResponseCodec.java:53)
	at org.openqa.selenium.remote.HttpCommandExecutor.execute(HttpCommandExecutor.java:184)
	at org.openqa.selenium.remote.service.DriverCommandExecutor.invokeExecute(DriverCommandExecutor.java:167)
	at org.openqa.selenium.remote.service.DriverCommandExecutor.execute(DriverCommandExecutor.java:142)
	at org.openqa.selenium.remote.RemoteWebDriver.execute(RemoteWebDriver.java:567)
	at org.openqa.selenium.remote.ElementLocation$ElementFinder$2.findElement(ElementLocation.java:162)
	at org.openqa.selenium.remote.ElementLocation.findElement(ElementLocation.java:60)
	at org.openqa.selenium.remote.RemoteWebDriver.findElement(RemoteWebDriver.java:385)
	at org.openqa.selenium.remote.RemoteWebDriver.findElement(RemoteWebDriver.java:377)
	at org.openqa.selenium.support.pagefactory.DefaultElementLocator.findElement(DefaultElementLocator.java:70)
	at org.openqa.selenium.support.pagefactory.internal.LocatingElementHandler.invoke(LocatingElementHandler.java:39)
	at jdk.proxy2/jdk.proxy2.$Proxy14.isDisplayed(Unknown Source)
	at com.Shanon.GenericLib.WebdriverCommonLib.elementDisplayed(WebdriverCommonLib.java:56)
	at com.Shanon.Leads.VerifyLeads.verifyLeadsTabTest(VerifyLeads.java:33)
	at java.base/java.util.ArrayList.forEach(ArrayList.java:1511)
... Removed 41 stack frames</div></td></tr></table><p class="totop"><a href="#summary">back to summary</a></p>
<h3 id="m1">com.Shanon.accounts.VerifyAccountsCustomViewPage#verifyAccountsCustomViewPageTest</h3><table class="result"><tr><th>Messages</th></tr><tr><td><div class="messages">verifyAccountsCustomViewPageTest method started<br/>CRM HOME PAGE is Displayed<br/>Accounts Page is Displayed<br/>verifyAccountsCustomViewPageTest method FAILED</div></td></tr><tr><th>Exception</th></tr><tr><td><div class="stacktrace">org.openqa.selenium.NoSuchElementException: Unable to find element with locator By.xpath: //a[@href=&quot;javascript:editCustomView()&quot; and text()=&quot;Edit&quot;]
For documentation on this error, please visit: https://selenium.dev/exceptions/#no_such_element
Build info: version: &apos;4.1.4&apos;, revision: &apos;535d840ee2&apos;
System info: host: &apos;LAPTOP-8ADG3AEO&apos;, ip: &apos;192.168.133.20&apos;, os.name: &apos;Windows 10&apos;, os.arch: &apos;amd64&apos;, os.version: &apos;10.0&apos;, java.version: &apos;17.0.1&apos;
Driver info: driver.version: RemoteWebDriver
	at org.openqa.selenium.remote.ElementLocation$ElementFinder$2.findElement(ElementLocation.java:165)
	at org.openqa.selenium.remote.ElementLocation.findElement(ElementLocation.java:60)
	at org.openqa.selenium.remote.RemoteWebDriver.findElement(RemoteWebDriver.java:385)
	at org.openqa.selenium.remote.RemoteWebDriver.findElement(RemoteWebDriver.java:377)
	at org.openqa.selenium.support.pagefactory.DefaultElementLocator.findElement(DefaultElementLocator.java:70)
	at org.openqa.selenium.support.pagefactory.internal.LocatingElementHandler.invoke(LocatingElementHandler.java:39)
	at jdk.proxy2/jdk.proxy2.$Proxy14.click(Unknown Source)
	at com.Shanon.pages.AccountsCustomViewPage.clickEditLink(AccountsCustomViewPage.java:64)
	at com.Shanon.accounts.VerifyAccountsCustomViewPage.verifyAccountsCustomViewPageTest(VerifyAccountsCustomViewPage.java:36)
	at java.base/java.util.ArrayList.forEach(ArrayList.java:1511)
... Removed 36 stack frames</div></td></tr></table><p class="totop"><a href="#summary">back to summary</a></p>
<h3 id="m2">com.Shannon.Home.HomepageTest#verifyhomepage</h3><table class="result"><tr><th>Messages</th></tr><tr><td><div class="messages">verifyhomepage method started<br/>CRM HOME PAGE is Displayed<br/>VIEW ALL EVENTS PAGE is Displayed<br/>verifyhomepage method PASSED</div></td></tr></table><p class="totop"><a href="#summary">back to summary</a></p>
<h3 id="m3">com.Shanon.Leads.VerifyLeadCreation#createNewLeadTest</h3><table class="result"><tr><th>Messages</th></tr><tr><td><div class="messages">createNewLeadTest method started<br/>CRM HOME PAGE is Displayed<br/>LEADS TEXT is Displayed, PASS<br/>CREATE LEAD PAGE is Displayed<br/>createNewLeadTest method PASSED</div></td></tr></table><p class="totop"><a href="#summary">back to summary</a></p>
<h3 id="m4">com.Shanon.accounts.VerifyAcoountsPage#verifyAccountsPageTest</h3><table class="result"><tr><th>Messages</th></tr><tr><td><div class="messages">verifyAccountsPageTest method started<br/>CRM HOME PAGE is Displayed<br/>verifyAccountsPageTest method PASSED</div></td></tr></table><p class="totop"><a href="#summary">back to summary</a></p>
</body>
</html>
